<?xml version="1.0" encoding="UTF-8"?>
<testng-results ignored="0" total="8" passed="7" failed="1" skipped="0">
  <reporter-output>
    <line>
      <![CDATA[Method name is loginTest]]>
    </line>
    <line>
      <![CDATA[Status of execution is -> 1]]>
    </line>
    <line>
      <![CDATA[Method name is loginTest]]>
    </line>
    <line>
      <![CDATA[Status of execution is -> 1]]>
    </line>
    <line>
      <![CDATA[Method name is loginTest]]>
    </line>
    <line>
      <![CDATA[Status of execution is -> 2]]>
    </line>
    <line>
      <![CDATA[<a href="C:\Users\motzos\Desktop\JavaTesting\automationtesting\screenshot\Sun.Jul.28.16-59-05.EEST.2024.png">Test Results</a>]]>
    </line>
    <line>
      <![CDATA[Method name is loginTest]]>
    </line>
    <line>
      <![CDATA[Status of execution is -> 1]]>
    </line>
    <line>
      <![CDATA[Method name is loginTest]]>
    </line>
    <line>
      <![CDATA[Status of execution is -> 1]]>
    </line>
    <line>
      <![CDATA[Method name is checkItems]]>
    </line>
    <line>
      <![CDATA[Status of execution is -> 1]]>
    </line>
    <line>
      <![CDATA[Method name is checkCart]]>
    </line>
    <line>
      <![CDATA[Status of execution is -> 1]]>
    </line>
    <line>
      <![CDATA[Method name is checkRemoveButton]]>
    </line>
    <line>
      <![CDATA[Status of execution is -> 1]]>
    </line>
  </reporter-output>
  <suite started-at="2024-07-28T16:59:00 EEST" name="Suite" finished-at="2024-07-28T16:59:14 EEST" duration-ms="13672">
    <groups>
    </groups>
    <test started-at="2024-07-28T16:59:00 EEST" name="Automation Tests" finished-at="2024-07-28T16:59:14 EEST" duration-ms="13672">
      <class name="testcases.LoginSauce">
        <test-method is-config="true" signature="setUp()[pri:0, instance:testcases.LoginSauce@7530ad9c]" started-at="2024-07-28T16:59:01 EEST" name="setUp" finished-at="2024-07-28T16:59:02 EEST" duration-ms="1567" status="PASS">
          <reporter-output>
          </reporter-output>
        </test-method> <!-- setUp -->
        <test-method signature="loginTest(java.lang.String,java.lang.String)[pri:0, instance:testcases.LoginSauce@7530ad9c]" started-at="2024-07-28T16:59:02 EEST" name="loginTest" data-provider="logindata" finished-at="2024-07-28T16:59:03 EEST" duration-ms="229" status="PASS">
          <params>
            <param index="0">
              <value>
                <![CDATA[standard_user]]>
              </value>
            </param>
            <param index="1">
              <value>
                <![CDATA[secret_sauce]]>
              </value>
            </param>
          </params>
          <reporter-output>
            <line>
              <![CDATA[Method name is loginTest]]>
            </line>
            <line>
              <![CDATA[Status of execution is -> 1]]>
            </line>
          </reporter-output>
        </test-method> <!-- loginTest -->
        <test-method is-config="true" signature="tearDown()[pri:0, instance:testcases.LoginSauce@7530ad9c]" started-at="2024-07-28T16:59:03 EEST" name="tearDown" finished-at="2024-07-28T16:59:03 EEST" duration-ms="110" status="PASS">
          <reporter-output>
          </reporter-output>
        </test-method> <!-- tearDown -->
        <test-method is-config="true" signature="setUp()[pri:0, instance:testcases.LoginSauce@7530ad9c]" started-at="2024-07-28T16:59:03 EEST" name="setUp" finished-at="2024-07-28T16:59:04 EEST" duration-ms="1049" status="PASS">
          <reporter-output>
          </reporter-output>
        </test-method> <!-- setUp -->
        <test-method signature="loginTest(java.lang.String,java.lang.String)[pri:0, instance:testcases.LoginSauce@7530ad9c]" started-at="2024-07-28T16:59:04 EEST" name="loginTest" data-provider="logindata" finished-at="2024-07-28T16:59:04 EEST" duration-ms="206" status="PASS">
          <params>
            <param index="0">
              <value>
                <![CDATA[problem_user]]>
              </value>
            </param>
            <param index="1">
              <value>
                <![CDATA[secret_sauce]]>
              </value>
            </param>
          </params>
          <reporter-output>
            <line>
              <![CDATA[Method name is loginTest]]>
            </line>
            <line>
              <![CDATA[Status of execution is -> 1]]>
            </line>
          </reporter-output>
        </test-method> <!-- loginTest -->
        <test-method is-config="true" signature="tearDown()[pri:0, instance:testcases.LoginSauce@7530ad9c]" started-at="2024-07-28T16:59:04 EEST" name="tearDown" finished-at="2024-07-28T16:59:04 EEST" duration-ms="100" status="PASS">
          <reporter-output>
          </reporter-output>
        </test-method> <!-- tearDown -->
        <test-method is-config="true" signature="setUp()[pri:0, instance:testcases.LoginSauce@7530ad9c]" started-at="2024-07-28T16:59:04 EEST" name="setUp" finished-at="2024-07-28T16:59:05 EEST" duration-ms="1114" status="PASS">
          <reporter-output>
          </reporter-output>
        </test-method> <!-- setUp -->
        <test-method signature="loginTest(java.lang.String,java.lang.String)[pri:0, instance:testcases.LoginSauce@7530ad9c]" started-at="2024-07-28T16:59:05 EEST" name="loginTest" data-provider="logindata" finished-at="2024-07-28T16:59:05 EEST" duration-ms="242" status="FAIL">
          <params>
            <param index="0">
              <value>
                <![CDATA[locked_out_user]]>
              </value>
            </param>
            <param index="1">
              <value>
                <![CDATA[secret_sauce]]>
              </value>
            </param>
          </params>
          <exception class="java.lang.AssertionError">
            <message>
              <![CDATA[Login attempt with username: locked_out_user and password: secret_sauce failed. expected [https://www.saucedemo.com/inventory.html] but found [https://www.saucedemo.com/]]]>
            </message>
            <full-stacktrace>
              <![CDATA[java.lang.AssertionError: Login attempt with username: locked_out_user and password: secret_sauce failed. expected [https://www.saucedemo.com/inventory.html] but found [https://www.saucedemo.com/]
at org.testng.Assert.fail(Assert.java:111)
at org.testng.Assert.failNotEquals(Assert.java:1578)
at org.testng.Assert.assertEqualsImpl(Assert.java:150)
at org.testng.Assert.assertEquals(Assert.java:132)
at org.testng.Assert.assertEquals(Assert.java:656)
at testcases.LoginSauce.loginTest(LoginSauce.java:36)
at java.base/jdk.internal.reflect.DirectMethodHandleAccessor.invoke(DirectMethodHandleAccessor.java:103)
at java.base/java.lang.reflect.Method.invoke(Method.java:580)
at org.testng.internal.invokers.MethodInvocationHelper.invokeMethod(MethodInvocationHelper.java:139)
at org.testng.internal.invokers.TestInvoker.invokeMethod(TestInvoker.java:664)
at org.testng.internal.invokers.TestInvoker.invokeTestMethod(TestInvoker.java:228)
at org.testng.internal.invokers.MethodRunner.runInSequence(MethodRunner.java:63)
at org.testng.internal.invokers.TestInvoker$MethodInvocationAgent.invoke(TestInvoker.java:961)
at org.testng.internal.invokers.TestInvoker.invokeTestMethods(TestInvoker.java:201)
at org.testng.internal.invokers.TestMethodWorker.invokeTestMethods(TestMethodWorker.java:148)
at org.testng.internal.invokers.TestMethodWorker.run(TestMethodWorker.java:128)
at java.base/java.util.ArrayList.forEach(ArrayList.java:1597)
at org.testng.TestRunner.privateRun(TestRunner.java:819)
at org.testng.TestRunner.run(TestRunner.java:619)
at org.testng.SuiteRunner.runTest(SuiteRunner.java:443)
at org.testng.SuiteRunner.runSequentially(SuiteRunner.java:437)
at org.testng.SuiteRunner.privateRun(SuiteRunner.java:397)
at org.testng.SuiteRunner.run(SuiteRunner.java:336)
at org.testng.SuiteRunnerWorker.runSuite(SuiteRunnerWorker.java:52)
at org.testng.SuiteRunnerWorker.run(SuiteRunnerWorker.java:95)
at org.testng.TestNG.runSuitesSequentially(TestNG.java:1301)
at org.testng.TestNG.runSuitesLocally(TestNG.java:1228)
at org.testng.TestNG.runSuites(TestNG.java:1134)
at org.testng.TestNG.run(TestNG.java:1101)
at org.apache.maven.surefire.testng.TestNGExecutor.run(TestNGExecutor.java:283)
at org.apache.maven.surefire.testng.TestNGXmlTestSuite.execute(TestNGXmlTestSuite.java:75)
at org.apache.maven.surefire.testng.TestNGProvider.invoke(TestNGProvider.java:120)
at org.apache.maven.surefire.booter.ForkedBooter.invokeProviderInSameClassLoader(ForkedBooter.java:384)
at org.apache.maven.surefire.booter.ForkedBooter.runSuitesInProcess(ForkedBooter.java:345)
at org.apache.maven.surefire.booter.ForkedBooter.execute(ForkedBooter.java:126)
at org.apache.maven.surefire.booter.ForkedBooter.main(ForkedBooter.java:418)
]]>
            </full-stacktrace>
          </exception> <!-- java.lang.AssertionError -->
          <reporter-output>
            <line>
              <![CDATA[Method name is loginTest]]>
            </line>
            <line>
              <![CDATA[Status of execution is -> 2]]>
            </line>
            <line>
              <![CDATA[<a href="C:\Users\motzos\Desktop\JavaTesting\automationtesting\screenshot\Sun.Jul.28.16-59-05.EEST.2024.png">Test Results</a>]]>
            </line>
          </reporter-output>
        </test-method> <!-- loginTest -->
        <test-method is-config="true" signature="tearDown()[pri:0, instance:testcases.LoginSauce@7530ad9c]" started-at="2024-07-28T16:59:06 EEST" name="tearDown" finished-at="2024-07-28T16:59:06 EEST" duration-ms="102" status="PASS">
          <reporter-output>
          </reporter-output>
        </test-method> <!-- tearDown -->
        <test-method is-config="true" signature="setUp()[pri:0, instance:testcases.LoginSauce@7530ad9c]" started-at="2024-07-28T16:59:06 EEST" name="setUp" finished-at="2024-07-28T16:59:07 EEST" duration-ms="1094" status="PASS">
          <reporter-output>
          </reporter-output>
        </test-method> <!-- setUp -->
        <test-method signature="loginTest(java.lang.String,java.lang.String)[pri:0, instance:testcases.LoginSauce@7530ad9c]" started-at="2024-07-28T16:59:07 EEST" name="loginTest" data-provider="logindata" finished-at="2024-07-28T16:59:07 EEST" duration-ms="220" status="PASS">
          <params>
            <param index="0">
              <value>
                <![CDATA[visual_user]]>
              </value>
            </param>
            <param index="1">
              <value>
                <![CDATA[secret_sauce]]>
              </value>
            </param>
          </params>
          <reporter-output>
            <line>
              <![CDATA[Method name is loginTest]]>
            </line>
            <line>
              <![CDATA[Status of execution is -> 1]]>
            </line>
          </reporter-output>
        </test-method> <!-- loginTest -->
        <test-method is-config="true" signature="tearDown()[pri:0, instance:testcases.LoginSauce@7530ad9c]" started-at="2024-07-28T16:59:07 EEST" name="tearDown" finished-at="2024-07-28T16:59:07 EEST" duration-ms="227" status="PASS">
          <reporter-output>
          </reporter-output>
        </test-method> <!-- tearDown -->
        <test-method is-config="true" signature="setUp()[pri:0, instance:testcases.LoginSauce@7530ad9c]" started-at="2024-07-28T16:59:07 EEST" name="setUp" finished-at="2024-07-28T16:59:08 EEST" duration-ms="1081" status="PASS">
          <reporter-output>
          </reporter-output>
        </test-method> <!-- setUp -->
        <test-method signature="loginTest(java.lang.String,java.lang.String)[pri:0, instance:testcases.LoginSauce@7530ad9c]" started-at="2024-07-28T16:59:08 EEST" name="loginTest" data-provider="logindata" finished-at="2024-07-28T16:59:08 EEST" duration-ms="230" status="PASS">
          <params>
            <param index="0">
              <value>
                <![CDATA[error_user]]>
              </value>
            </param>
            <param index="1">
              <value>
                <![CDATA[secret_sauce]]>
              </value>
            </param>
          </params>
          <reporter-output>
            <line>
              <![CDATA[Method name is loginTest]]>
            </line>
            <line>
              <![CDATA[Status of execution is -> 1]]>
            </line>
          </reporter-output>
        </test-method> <!-- loginTest -->
        <test-method is-config="true" signature="tearDown()[pri:0, instance:testcases.LoginSauce@7530ad9c]" started-at="2024-07-28T16:59:08 EEST" name="tearDown" finished-at="2024-07-28T16:59:09 EEST" duration-ms="79" status="PASS">
          <reporter-output>
          </reporter-output>
        </test-method> <!-- tearDown -->
      </class> <!-- testcases.LoginSauce -->
      <class name="testcases.SauceDemo">
        <test-method is-config="true" signature="setUp()[pri:0, instance:testcases.SauceDemo@6e509ffa]" started-at="2024-07-28T16:59:09 EEST" name="setUp" finished-at="2024-07-28T16:59:10 EEST" duration-ms="1093" status="PASS">
          <reporter-output>
          </reporter-output>
        </test-method> <!-- setUp -->
        <test-method signature="checkItems()[pri:1, instance:testcases.SauceDemo@6e509ffa]" started-at="2024-07-28T16:59:10 EEST" name="checkItems" finished-at="2024-07-28T16:59:10 EEST" duration-ms="834" status="PASS">
          <reporter-output>
            <line>
              <![CDATA[Method name is checkItems]]>
            </line>
            <line>
              <![CDATA[Status of execution is -> 1]]>
            </line>
          </reporter-output>
        </test-method> <!-- checkItems -->
        <test-method is-config="true" signature="tearDown()[pri:0, instance:testcases.SauceDemo@6e509ffa]" started-at="2024-07-28T16:59:10 EEST" name="tearDown" finished-at="2024-07-28T16:59:11 EEST" duration-ms="83" status="PASS">
          <reporter-output>
          </reporter-output>
        </test-method> <!-- tearDown -->
        <test-method is-config="true" signature="setUp()[pri:0, instance:testcases.SauceDemo@6e509ffa]" started-at="2024-07-28T16:59:11 EEST" name="setUp" finished-at="2024-07-28T16:59:12 EEST" duration-ms="1112" status="PASS">
          <reporter-output>
          </reporter-output>
        </test-method> <!-- setUp -->
        <test-method signature="checkCart()[pri:2, instance:testcases.SauceDemo@6e509ffa]" started-at="2024-07-28T16:59:12 EEST" name="checkCart" finished-at="2024-07-28T16:59:12 EEST" duration-ms="295" status="PASS">
          <reporter-output>
            <line>
              <![CDATA[Method name is checkCart]]>
            </line>
            <line>
              <![CDATA[Status of execution is -> 1]]>
            </line>
          </reporter-output>
        </test-method> <!-- checkCart -->
        <test-method is-config="true" signature="tearDown()[pri:0, instance:testcases.SauceDemo@6e509ffa]" started-at="2024-07-28T16:59:12 EEST" name="tearDown" finished-at="2024-07-28T16:59:12 EEST" duration-ms="109" status="PASS">
          <reporter-output>
          </reporter-output>
        </test-method> <!-- tearDown -->
        <test-method is-config="true" signature="setUp()[pri:0, instance:testcases.SauceDemo@6e509ffa]" started-at="2024-07-28T16:59:12 EEST" name="setUp" finished-at="2024-07-28T16:59:13 EEST" duration-ms="1145" status="PASS">
          <reporter-output>
          </reporter-output>
        </test-method> <!-- setUp -->
        <test-method signature="checkRemoveButton()[pri:3, instance:testcases.SauceDemo@6e509ffa]" started-at="2024-07-28T16:59:13 EEST" name="checkRemoveButton" finished-at="2024-07-28T16:59:14 EEST" duration-ms="421" status="PASS">
          <reporter-output>
            <line>
              <![CDATA[Method name is checkRemoveButton]]>
            </line>
            <line>
              <![CDATA[Status of execution is -> 1]]>
            </line>
          </reporter-output>
        </test-method> <!-- checkRemoveButton -->
        <test-method is-config="true" signature="tearDown()[pri:0, instance:testcases.SauceDemo@6e509ffa]" started-at="2024-07-28T16:59:14 EEST" name="tearDown" finished-at="2024-07-28T16:59:14 EEST" duration-ms="91" status="PASS">
          <reporter-output>
          </reporter-output>
        </test-method> <!-- tearDown -->
      </class> <!-- testcases.SauceDemo -->
    </test> <!-- Automation Tests -->
  </suite> <!-- Suite -->
</testng-results>
